<?xml version="1.0" encoding="UTF-8"?>
<!-- Generated by org.testng.reporters.JUnitXMLReporter -->
<testsuite ignored="2" hostname="Mangesh" failures="0" tests="4" name="Test" time="7.76" errors="0" timestamp="2022-08-08T12:41:55 IST">
  <testcase classname="tests.LoginTest" name="verifybuttontext" time="0.046"/>
  <testcase classname="tests.LoginTest" name="login" time="5.031"/>
  <testcase classname="tests.HomePageTest" name="goToTab" time="1.359"/>
  <testcase classname="tests.HomePageTest" name="logout" time="1.249"/>
  <testcase classname="tests.BaseTest" name="@AfterSuite tearDown" time="0.0">
    <ignored/>
  </testcase> <!-- @AfterSuite tearDown -->
  <testcase classname="tests.BaseTest" name="@BeforeSuite init" time="0.0">
    <ignored/>
  </testcase> <!-- @BeforeSuite init -->
</testsuite> <!-- Test -->
