<?xml version="1.0" encoding="UTF-8"?>
<testng-results ignored="2" total="6" passed="4" failed="0" skipped="0">
  <reporter-output>
  </reporter-output>
  <suite started-at="2022-08-08T12:41:47 IST" name="Suite" finished-at="2022-08-08T12:41:55 IST" duration-ms="7760">
    <groups>
    </groups>
    <test started-at="2022-08-08T12:41:47 IST" name="Test" finished-at="2022-08-08T12:41:55 IST" duration-ms="7760">
      <class name="tests.LoginTest">
        <test-method is-config="true" signature="init()[pri:0, instance:tests.LoginTest@71d44a3]" started-at="2022-08-08T12:41:40 IST" name="init" finished-at="2022-08-08T12:41:47 IST" duration-ms="7227" status="PASS">
          <reporter-output>
          </reporter-output>
        </test-method> <!-- init -->
        <test-method is-config="true" signature="initObject()[pri:0, instance:tests.LoginTest@71d44a3]" started-at="2022-08-08T12:41:47 IST" name="initObject" finished-at="2022-08-08T12:41:47 IST" duration-ms="23" status="PASS">
          <reporter-output>
          </reporter-output>
        </test-method> <!-- initObject -->
        <test-method signature="verifybuttontext()[pri:1, instance:tests.LoginTest@71d44a3]" started-at="2022-08-08T12:41:47 IST" name="verifybuttontext" finished-at="2022-08-08T12:41:47 IST" duration-ms="46" status="PASS">
          <reporter-output>
          </reporter-output>
        </test-method> <!-- verifybuttontext -->
        <test-method signature="login()[pri:2, instance:tests.LoginTest@71d44a3]" started-at="2022-08-08T12:41:47 IST" name="login" finished-at="2022-08-08T12:41:52 IST" duration-ms="5031" status="PASS">
          <reporter-output>
          </reporter-output>
        </test-method> <!-- login -->
        <test-method is-config="true" signature="tearDown()[pri:0, instance:tests.LoginTest@71d44a3]" started-at="2022-08-08T12:41:55 IST" name="tearDown" finished-at="2022-08-08T12:41:55 IST" duration-ms="144" status="PASS">
          <reporter-output>
          </reporter-output>
        </test-method> <!-- tearDown -->
      </class> <!-- tests.LoginTest -->
      <class name="tests.HomePageTest">
        <test-method is-config="true" signature="initObject()[pri:0, instance:tests.HomePageTest@41d477ed]" started-at="2022-08-08T12:41:52 IST" name="initObject" finished-at="2022-08-08T12:41:52 IST" duration-ms="3" status="PASS">
          <reporter-output>
          </reporter-output>
        </test-method> <!-- initObject -->
        <test-method signature="goToTab()[pri:1, instance:tests.HomePageTest@41d477ed]" started-at="2022-08-08T12:41:52 IST" name="goToTab" finished-at="2022-08-08T12:41:54 IST" duration-ms="1359" status="PASS">
          <reporter-output>
          </reporter-output>
        </test-method> <!-- goToTab -->
        <test-method signature="logout()[pri:2, instance:tests.HomePageTest@41d477ed]" started-at="2022-08-08T12:41:54 IST" name="logout" finished-at="2022-08-08T12:41:55 IST" duration-ms="1249" status="PASS">
          <reporter-output>
          </reporter-output>
        </test-method> <!-- logout -->
      </class> <!-- tests.HomePageTest -->
    </test> <!-- Test -->
  </suite> <!-- Suite -->
</testng-results>
